actionid: unit
msg: getenv
cmdargs: ['/home/ec0/Code/Juju/Charms/layer-service-account/.tox/unit/bin/pip', 'install', '-r/home/ec0/Code/Juju/Charms/layer-service-account/tests/unit/requirements.txt', '-r/home/ec0/Code/Juju/Charms/layer-service-account/requirements.txt']
env: {'SCM_CHECK': 'true', 'RUBY_VERSION': 'ruby-2.4.1', 'DESKTOP_SESSION': 'i3', 'XDG_SESSION_TYPE': 'x11', 'rvm_path': '/home/ec0/.rvm', 'XAUTHORITY': '/home/ec0/.Xauthority', 'GDMSESSION': 'i3', 'SHELL': '/bin/bash', 'GDM_LANG': 'en_AU', 'VTE_VERSION': '5401', '_': '/usr/bin/make', 'XDG_CONFIG_DIRS': '/etc/xdg/xdg-i3:/etc/xdg', 'BASH_IT': '/home/ec0/.bash_it', '_system_version': '18.10', 'HISTCONTROL': 'ignorespace:erasedups', 'MANDATORY_PATH': '/usr/share/gconf/i3.mandatory.path', 'XDG_DATA_DIRS': '/usr/share/i3:/usr/local/share:/usr/share:/var/lib/snapd/desktop', 'AUTOFEATURE': 'true autotest', 'XDG_SESSION_PATH': '/org/freedesktop/DisplayManager/Session0', 'BASH_IT_THEME': 'zork', 'PATH': '/home/ec0/Code/Juju/Charms/layer-service-account/.tox/unit/bin:/home/ec0/.local/bin:/home/ec0/bin:/home/ec0/.rvm/gems/ruby-2.4.1/bin:/home/ec0/.rvm/gems/ruby-2.4.1@global/bin:/home/ec0/.rvm/rubies/ruby-2.4.1/bin:/home/ec0/.pyenv/bin:/home/ec0/.local/bin:/home/ec0/bin:/usr/local/sbin:/usr/local/bin:/usr/sbin:/usr/bin:/sbin:/bin:/usr/games:/usr/local/games:/snap/bin:/snap/bin:/var/lib/snapd/snap/bin:/home/ec0/.local/bin/:/home/ec0/.rvm/bin:/snap/bin:/snap/bin:/home/ec0/.local/bin/:/snap/bin:/snap/bin', 'IRC_CLIENT': 'irssi', 'PBA_ENABLE': '1', 'GPG_AGENT_INFO': '/run/user/1000/gnupg/S.gpg-agent:0:1', 'LSCOLORS': 'Gxfxcxdxdxegedabagacad', 'JUJU_REPOSITORY': '/home/ec0/Code/Juju/Repository', 'XDG_RUNTIME_DIR': '/run/user/1000', 'MYSQL_PS1': '(\\u@\\h) [\\d]> ', 'TODO': 't', 'GOPATH': '/home/james/Code/go/', '_system_name': 'Ubuntu', 'PYENV_ROOT': '/home/ec0/.pyenv', 'XDG_GREETER_DATA_DIR': '/var/lib/lightdm-data/ec0', 'XDG_SESSION_DESKTOP': 'i3', 'SSH_AUTH_SOCK': '/run/user/1000/gnupg/S.gpg-agent.ssh', 'DISPLAY': ':0', 'TMUX_PANE': '%41', 'HOME': '/home/ec0', 'rvm_bin_path': '/home/ec0/.rvm/bin', 'PWD': '/home/ec0/Code/Juju/Charms/layer-service-account', 'GEM_HOME': '/home/ec0/.rvm/gems/ruby-2.4.1', 'XDG_SEAT': 'seat0', 'SSH_AGENT_PID': '5979', 'GTK_MODULES': 'gail:atk-bridge', 'DBUS_SESSION_BUS_ADDRESS': 'unix:path=/run/user/1000/bus', 'LOGNAME': 'ec0', 'XDG_VTNR': '7', 'GEM_PATH': '/home/ec0/.rvm/gems/ruby-2.4.1:/home/ec0/.rvm/gems/ruby-2.4.1@global', 'COLORTERM': 'truecolor', 'IRBRC': '/home/ec0/.rvm/rubies/ruby-2.4.1/.irbrc', 'SHLVL': '1', 'IM_CONFIG_PHASE': '2', 'XDG_SESSION_ID': 'c2', 'USER': 'ec0', 'XDG_CURRENT_DESKTOP': 'i3', 'LIBVIRT_DEFAULT_URI': 'qemu:///system', 'rvm_version': '1.29.6 (master)', 'OLDPWD': '/home/ec0/Code/Juju/Charms/layer-service-account/tests', 'LANGUAGE': 'en_AU:en', 'XDG_SEAT_PATH': '/org/freedesktop/DisplayManager/Seat0', 'MAKEFLAGS': '', 'MFLAGS': '', 'TMUX': '/tmp//tmux-1000/default,5874,12', 'MAKE_TERMOUT': '/dev/pts/9', 'mesa_glthread': 'true', 'QT_ACCESSIBILITY': '1', 'DEFAULTS_PATH': '/usr/share/gconf/i3.default.path', '_system_type': 'Linux', '__PBA_CB_HEAP': '256', 'GNOME_TERMINAL_SCREEN': '/org/gnome/Terminal/screen/d28cf36d_e342_4f3b_aab5_fa47b3e46ab2', 'DXVK_HUD': 'frametimes', 'rvm_prefix': '/home/ec0', 'GNOME_TERMINAL_SERVICE': ':1.16', 'HISTSIZE': '5000', '__PBA_GEO_HEAP': '1024', '_system_arch': 'x86_64', 'MAKE_TERMERR': '/dev/pts/9', 'GPG_TTY': '/dev/pts/9', 'LANG': 'en_AU.UTF-8', 'TERM': 'screen-256color', 'MY_RUBY_HOME': '/home/ec0/.rvm/rubies/ruby-2.4.1', 'MAKELEVEL': '1', 'PYTHONPATH': '/home/ec0/Code/Juju/Charms/layer-service-account/lib', 'PYTHONHASHSEED': '1731861465', 'VIRTUAL_ENV': '/home/ec0/Code/Juju/Charms/layer-service-account/.tox/unit'}

Collecting charmhelpers (from -r /home/ec0/Code/Juju/Charms/layer-service-account/tests/unit/requirements.txt (line 1))
  Downloading https://files.pythonhosted.org/packages/51/64/45fe94194b150e58986e1e40b083b5a33dc41cc8c9d9d9a27a8aabb3b849/charmhelpers-0.19.9.tar.gz (439kB)
Collecting charms.reactive (from -r /home/ec0/Code/Juju/Charms/layer-service-account/tests/unit/requirements.txt (line 2))
Collecting mock (from -r /home/ec0/Code/Juju/Charms/layer-service-account/tests/unit/requirements.txt (line 3))
  Using cached https://files.pythonhosted.org/packages/e6/35/f187bdf23be87092bd0f1200d43d23076cee4d0dec109f195173fd3ebc79/mock-2.0.0-py2.py3-none-any.whl
Collecting pytest (from -r /home/ec0/Code/Juju/Charms/layer-service-account/tests/unit/requirements.txt (line 4))
  Using cached https://files.pythonhosted.org/packages/51/b2/2fa8e8b179c792c457c2f7800f1313bfbd34f515e3a833e6083121844c14/pytest-4.3.0-py2.py3-none-any.whl
Collecting pytest-cov (from -r /home/ec0/Code/Juju/Charms/layer-service-account/tests/unit/requirements.txt (line 5))
  Using cached https://files.pythonhosted.org/packages/7d/b5/92f32674ab954f80499ac73347bfeb815545ea295439c12b0ef3ac8f0975/pytest_cov-2.6.1-py2.py3-none-any.whl
Collecting netaddr (from charmhelpers->-r /home/ec0/Code/Juju/Charms/layer-service-account/tests/unit/requirements.txt (line 1))
  Using cached https://files.pythonhosted.org/packages/ba/97/ce14451a9fd7bdb5a397abf99b24a1a6bb7a1a440b019bebd2e9a0dbec74/netaddr-0.7.19-py2.py3-none-any.whl
Collecting PyYAML (from charmhelpers->-r /home/ec0/Code/Juju/Charms/layer-service-account/tests/unit/requirements.txt (line 1))
Collecting Tempita (from charmhelpers->-r /home/ec0/Code/Juju/Charms/layer-service-account/tests/unit/requirements.txt (line 1))
Collecting Jinja2 (from charmhelpers->-r /home/ec0/Code/Juju/Charms/layer-service-account/tests/unit/requirements.txt (line 1))
  Using cached https://files.pythonhosted.org/packages/7f/ff/ae64bacdfc95f27a016a7bed8e8686763ba4d277a78ca76f32659220a731/Jinja2-2.10-py2.py3-none-any.whl
Collecting six (from charmhelpers->-r /home/ec0/Code/Juju/Charms/layer-service-account/tests/unit/requirements.txt (line 1))
  Using cached https://files.pythonhosted.org/packages/73/fb/00a976f728d0d1fecfe898238ce23f502a721c0ac0ecfedb80e0d88c64e9/six-1.12.0-py2.py3-none-any.whl
Collecting pyaml (from charms.reactive->-r /home/ec0/Code/Juju/Charms/layer-service-account/tests/unit/requirements.txt (line 2))
  Using cached https://files.pythonhosted.org/packages/c5/e1/1523fb1dab744e2c6b1f02446f2139a78726c18c062a8ddd53875abb20f8/pyaml-18.11.0-py2.py3-none-any.whl
Collecting pbr>=0.11 (from mock->-r /home/ec0/Code/Juju/Charms/layer-service-account/tests/unit/requirements.txt (line 3))
  Using cached https://files.pythonhosted.org/packages/8c/7f/fed53b379500fd889707d1f6e61c2a35e12f2de87396894aff89b017d1d6/pbr-5.1.2-py2.py3-none-any.whl
Requirement already satisfied: setuptools in ./.tox/unit/lib/python3.6/site-packages (from pytest->-r /home/ec0/Code/Juju/Charms/layer-service-account/tests/unit/requirements.txt (line 4)) (40.8.0)
Collecting pluggy>=0.7 (from pytest->-r /home/ec0/Code/Juju/Charms/layer-service-account/tests/unit/requirements.txt (line 4))
  Using cached https://files.pythonhosted.org/packages/2d/60/f58d9e8197f911f9405bf7e02227b43a2acc2c2f1a8cbb1be5ecf6bfd0b8/pluggy-0.8.1-py2.py3-none-any.whl
Collecting attrs>=17.4.0 (from pytest->-r /home/ec0/Code/Juju/Charms/layer-service-account/tests/unit/requirements.txt (line 4))
  Using cached https://files.pythonhosted.org/packages/3a/e1/5f9023cc983f1a628a8c2fd051ad19e76ff7b142a0faf329336f9a62a514/attrs-18.2.0-py2.py3-none-any.whl
Collecting py>=1.5.0 (from pytest->-r /home/ec0/Code/Juju/Charms/layer-service-account/tests/unit/requirements.txt (line 4))
  Downloading https://files.pythonhosted.org/packages/76/bc/394ad449851729244a97857ee14d7cba61ddb268dce3db538ba2f2ba1f0f/py-1.8.0-py2.py3-none-any.whl (83kB)
Collecting more-itertools>=4.0.0; python_version > "2.7" (from pytest->-r /home/ec0/Code/Juju/Charms/layer-service-account/tests/unit/requirements.txt (line 4))
  Using cached https://files.pythonhosted.org/packages/ae/d4/d6bad4844831943dd667510947712750004525c5807711982f4ec390da2b/more_itertools-6.0.0-py3-none-any.whl
Collecting atomicwrites>=1.0 (from pytest->-r /home/ec0/Code/Juju/Charms/layer-service-account/tests/unit/requirements.txt (line 4))
  Using cached https://files.pythonhosted.org/packages/52/90/6155aa926f43f2b2a22b01be7241be3bfd1ceaf7d0b3267213e8127d41f4/atomicwrites-1.3.0-py2.py3-none-any.whl
Collecting coverage>=4.4 (from pytest-cov->-r /home/ec0/Code/Juju/Charms/layer-service-account/tests/unit/requirements.txt (line 5))
  Using cached https://files.pythonhosted.org/packages/a4/5c/b3eac6aa7eb4af83c8580d9c1578343910bdcc59e64e3565402f9a527f9c/coverage-4.5.2-cp36-cp36m-manylinux1_x86_64.whl
Collecting MarkupSafe>=0.23 (from Jinja2->charmhelpers->-r /home/ec0/Code/Juju/Charms/layer-service-account/tests/unit/requirements.txt (line 1))
  Downloading https://files.pythonhosted.org/packages/b2/5f/23e0023be6bb885d00ffbefad2942bc51a620328ee910f64abe5a8d18dd1/MarkupSafe-1.1.1-cp36-cp36m-manylinux1_x86_64.whl
Building wheels for collected packages: charmhelpers
  Building wheel for charmhelpers (setup.py): started
  Building wheel for charmhelpers (setup.py): finished with status 'done'
  Stored in directory: /home/ec0/.cache/pip/wheels/4b/67/96/7ec54ad8120fb0ea6317bfa1135c2020ea8e3ab6ff605df68e
Successfully built charmhelpers
Installing collected packages: netaddr, PyYAML, Tempita, MarkupSafe, Jinja2, six, charmhelpers, pyaml, charms.reactive, pbr, mock, pluggy, attrs, py, more-itertools, atomicwrites, pytest, coverage, pytest-cov
Successfully installed Jinja2-2.10 MarkupSafe-1.1.1 PyYAML-3.13 Tempita-0.5.2 atomicwrites-1.3.0 attrs-18.2.0 charmhelpers-0.19.9 charms.reactive-1.2.0 coverage-4.5.2 mock-2.0.0 more-itertools-6.0.0 netaddr-0.7.19 pbr-5.1.2 pluggy-0.8.1 py-1.8.0 pyaml-18.11.0 pytest-4.3.0 pytest-cov-2.6.1 six-1.12.0
